<?xml version="1.0" encoding="UTF-8"?>
<!-- Generated by org.testng.reporters.JUnitReportReporter -->
<testsuite hostname="DESKTOP-C7K84SR" failures="0" tests="2" name="testNGDemo.TestNgPriority" time="28.344" errors="0" timestamp="2021-11-24T15:49:00 BDT" skipped="0">
  <testcase classname="testNGDemo.TestNgPriority" name="createlead" time="16.065"/>
  <testcase classname="testNGDemo.TestNgPriority" name="createAccount" time="12.279"/>
</testsuite> <!-- testNGDemo.TestNgPriority -->
