<?xml version="1.0" encoding="UTF-8"?>
<!-- Generated by org.testng.reporters.JUnitReportReporter -->
<testsuite hostname="DESKTOP-C7K84SR" failures="0" tests="1" name="testNGDemo.CreateLead" time="23.981" errors="0" timestamp="2021-12-06T00:27:30 BDT" skipped="0">
  <testcase classname="testNGDemo.CreateLead" name="createLead" time="23.981"/>
</testsuite> <!-- testNGDemo.CreateLead -->
